<?xml version="1.0" encoding="utf-8"?><testsuites><testsuite name="pytest" errors="0" failures="0" skipped="0" tests="6" time="88.714" timestamp="2022-02-19T12:20:41.870977" hostname="DESKTOP-0A1O8AR"><testcase classname="test_MakeMyTrip.Test_MMT" name="test_SiteOpen" time="15.805" /><testcase classname="test_MakeMyTrip.Test_MMT" name="test_hindipopup" time="4.395" /><testcase classname="test_MakeMyTrip.Test_MMT" name="test_NavigationVerification" time="2.949" /><testcase classname="test_MakeMyTrip.Test_MMT" name="test_flighttab" time="57.273" /><testcase classname="test_MakeMyTrip.Test_MMT" name="test_activite" time="7.775" /><testcase classname="test_MakeMyTrip.Test_MMT" name="test_print" time="0.003" /></testsuite></testsuites>